<?xml version="1.0" encoding="UTF-8"?>
<!-- Generated by org.testng.reporters.JUnitReportReporter -->
<testsuite hostname="IN-CF1D5S3" failures="0" tests="1" name="testcases.TC6_ValidateResultPage" time="6.002" errors="0" timestamp="2024-05-20T15:50:22 IST" skipped="0">
  <testcase classname="testcases.TC6_ValidateResultPage" name="searchProduct" time="6.002"/>
</testsuite> <!-- testcases.TC6_ValidateResultPage -->
