<?xml version="1.0" encoding="UTF-8"?>
<!-- Generated by org.testng.reporters.JUnitReportReporter -->
<testsuite hostname="IN-CF1D5S3" failures="0" tests="1" name="testcases.TC7_FilterResult" time="5.283" errors="0" timestamp="2024-05-20T15:50:22 IST" skipped="0">
  <testcase classname="testcases.TC7_FilterResult" name="filterResult" time="5.283"/>
</testsuite> <!-- testcases.TC7_FilterResult -->
