<?xml version="1.0" encoding="UTF-8"?>
<!-- Generated by org.testng.reporters.JUnitReportReporter -->
<testsuite hostname="IN-CF1D5S3" failures="0" tests="2" name="testcases.TC2_Login" time="26.464" errors="0" timestamp="2024-05-20T15:50:22 IST" skipped="0">
  <testcase classname="testcases.TC2_Login" name="validloginProcess" time="26.061"/>
  <testcase classname="testcases.TC2_Login" name="invalidloginProcess" time="0.403"/>
</testsuite> <!-- testcases.TC2_Login -->
