<?xml version="1.0" encoding="UTF-8"?>
<!-- Generated by org.testng.reporters.JUnitReportReporter -->
<testsuite hostname="IN-CF1D5S3" failures="0" tests="1" name="testcases.TC5_SearchProduct" time="2.915" errors="0" timestamp="2024-05-20T15:50:22 IST" skipped="0">
  <testcase classname="testcases.TC5_SearchProduct" name="searchProduct" time="2.915"/>
</testsuite> <!-- testcases.TC5_SearchProduct -->
