<?xml version="1.0" encoding="UTF-8"?>
<!-- Generated by org.testng.reporters.JUnitReportReporter -->
<testsuite hostname="IN-CF1D5S3" failures="0" tests="1" name="testcases.TC3_InvalidLogin" time="22.352" errors="0" timestamp="2024-05-20T11:49:44 IST" skipped="0">
  <testcase classname="testcases.TC3_InvalidLogin" name="loginProcess" time="22.352"/>
</testsuite> <!-- testcases.TC3_InvalidLogin -->
