<?xml version="1.0" encoding="UTF-8"?>
<!-- Generated by org.testng.reporters.JUnitReportReporter -->
<testsuite hostname="IN-CF1D5S3" failures="0" tests="1" name="testcases.TC6_ValidateProductPage" time="3.090" errors="0" timestamp="2024-05-20T01:13:41 IST" skipped="0">
  <testcase classname="testcases.TC6_ValidateProductPage" name="searchProduct" time="3.090"/>
</testsuite> <!-- testcases.TC6_ValidateProductPage -->
