<?xml version="1.0" encoding="UTF-8"?>
<!-- Generated by org.testng.reporters.JUnitReportReporter -->
<testsuite hostname="IN-CF1D5S3" failures="0" tests="1" name="testcases.TC2_ValidLogin" time="22.618" errors="0" timestamp="2024-05-20T11:49:44 IST" skipped="0">
  <testcase classname="testcases.TC2_ValidLogin" name="loginProcess" time="22.618"/>
</testsuite> <!-- testcases.TC2_ValidLogin -->
